This file contains any messages produced by compilers while
running configure, to aid debugging if configure makes a mistake.

It was created by libndpi configure 3.3.0, which was
generated by GNU Autoconf 2.69.  Invocation command line was

  $ ./configure --prefix=/home/workspace/install

## --------- ##
## Platform. ##
## --------- ##

hostname = DESKTOP-CVJKDCA
uname -m = x86_64
uname -r = 5.10.16.3-microsoft-standard-WSL2
uname -s = Linux
uname -v = #1 SMP Fri Apr 2 22:23:49 UTC 2021

/usr/bin/uname -p = x86_64
/bin/uname -X     = unknown

/bin/arch              = x86_64
/usr/bin/arch -k       = unknown
/usr/convex/getsysinfo = unknown
/usr/bin/hostinfo      = unknown
/bin/machine           = unknown
/usr/bin/oslevel       = unknown
/bin/universe          = unknown

PATH: /home/euibin/.local/bin
PATH: /home/euibin/.cargo/bin
PATH: /usr/local/sbin
PATH: /usr/local/bin
PATH: /usr/sbin
PATH: /usr/bin
PATH: /sbin
PATH: /bin
PATH: /usr/games
PATH: /usr/local/games
PATH: /usr/lib/wsl/lib
PATH: /mnt/c/Program Files/WindowsApps/CanonicalGroupLimited.Ubuntu20.04LTS_2004.5.11.0_x64__79rhkp1fndgsc
PATH: /mnt/c/WINDOWS/system32
PATH: /mnt/c/WINDOWS
PATH: /mnt/c/WINDOWS/System32/Wbem
PATH: /mnt/c/WINDOWS/System32/WindowsPowerShell/v1.0/
PATH: /mnt/c/WINDOWS/System32/OpenSSH/
PATH: /mnt/c/Users/sure/AppData/Local/Suresofttech/STATIC Toolbox/bin/
PATH: /mnt/c/Users/sure/AppData/Local/Suresofttech/STATIC Toolbox/apps/STATIC Client for C, C++ v1.1.8
PATH: /mnt/c/Users/sure/AppData/Local/Suresofttech/STATIC Toolbox/apps/STATIC Analysis Agent v1.2.8/bin
PATH: /mnt/c/Program Files/Git/cmd
PATH: /mnt/c/Program Files/Docker/Docker/resources/bin
PATH: /mnt/c/ProgramData/DockerDesktop/version-bin
PATH: /mnt/c/Program Files/CMake/bin
PATH: /mnt/c/Program Files/Bandizip/
PATH: /mnt/c/Program Files (x86)/GnuWin32/bin
PATH: /mnt/c/Program Files/expat-win32bin-2.4.8/Bin
PATH: /mnt/c/Users/sure/.cargo/bin
PATH: /mnt/c/Users/sure/AppData/Local/Programs/Python/Python38/Scripts/
PATH: /mnt/c/Users/sure/AppData/Local/Programs/Python/Python38/
PATH: /mnt/c/Users/sure/AppData/Local/Microsoft/WindowsApps
PATH: /mnt/c/Users/sure/AppData/Local/Programs/Microsoft VS Code/bin
PATH: /mnt/c/MinGW/bin
PATH: /mnt/c/Users/sure/Downloads/GetGnuWin32
PATH: /mnt/c/Program Files/Suresoft/CodeScroll Controller Tester 3.6/bin
PATH: /mnt/c/Program Files/JetBrains/CLion 2022.1.3/bin
PATH: /mnt/c/Program Files/JetBrains/PyCharm 2022.1.3/bin
PATH: /snap/bin


## ----------- ##
## Core tests. ##
## ----------- ##

configure:2429: checking for a BSD-compatible install
configure:2497: result: /usr/bin/install -c
configure:2508: checking whether build environment is sane
configure:2563: result: yes
configure:2712: checking for a thread-safe mkdir -p
configure:2751: result: /usr/bin/mkdir -p
configure:2758: checking for gawk
configure:2774: found /usr/bin/gawk
configure:2785: result: gawk
configure:2796: checking whether make sets $(MAKE)
configure:2818: result: yes
configure:2847: checking whether make supports nested variables
configure:2864: result: yes
configure:3036: checking build system type
configure:3050: result: x86_64-pc-linux-gnu
configure:3070: checking host system type
configure:3083: result: x86_64-pc-linux-gnu
configure:3124: checking how to print strings
configure:3151: result: printf
configure:3176: checking whether make supports the include directive
configure:3191: make -f confmf.GNU && cat confinc.out
this is the am__doit target
configure:3194: $? = 0
configure:3213: result: yes (GNU style)
configure:3283: checking for gcc
configure:3299: found /usr/bin/gcc
configure:3310: result: gcc
configure:3539: checking for C compiler version
configure:3548: gcc --version >&5
gcc (Ubuntu 9.4.0-1ubuntu1~20.04.1) 9.4.0
Copyright (C) 2019 Free Software Foundation, Inc.
This is free software; see the source for copying conditions.  There is NO
warranty; not even for MERCHANTABILITY or FITNESS FOR A PARTICULAR PURPOSE.

configure:3559: $? = 0
configure:3548: gcc -v >&5
Using built-in specs.
COLLECT_GCC=gcc
COLLECT_LTO_WRAPPER=/usr/lib/gcc/x86_64-linux-gnu/9/lto-wrapper
OFFLOAD_TARGET_NAMES=nvptx-none:hsa
OFFLOAD_TARGET_DEFAULT=1
Target: x86_64-linux-gnu
Configured with: ../src/configure -v --with-pkgversion='Ubuntu 9.4.0-1ubuntu1~20.04.1' --with-bugurl=file:///usr/share/doc/gcc-9/README.Bugs --enable-languages=c,ada,c++,go,brig,d,fortran,objc,obj-c++,gm2 --prefix=/usr --with-gcc-major-version-only --program-suffix=-9 --program-prefix=x86_64-linux-gnu- --enable-shared --enable-linker-build-id --libexecdir=/usr/lib --without-included-gettext --enable-threads=posix --libdir=/usr/lib --enable-nls --enable-clocale=gnu --enable-libstdcxx-debug --enable-libstdcxx-time=yes --with-default-libstdcxx-abi=new --enable-gnu-unique-object --disable-vtable-verify --enable-plugin --enable-default-pie --with-system-zlib --with-target-system-zlib=auto --enable-objc-gc=auto --enable-multiarch --disable-werror --with-arch-32=i686 --with-abi=m64 --with-multilib-list=m32,m64,mx32 --enable-multilib --with-tune=generic --enable-offload-targets=nvptx-none=/build/gcc-9-Av3uEd/gcc-9-9.4.0/debian/tmp-nvptx/usr,hsa --without-cuda-driver --enable-checking=release --build=x86_64-linux-gnu --host=x86_64-linux-gnu --target=x86_64-linux-gnu
Thread model: posix
gcc version 9.4.0 (Ubuntu 9.4.0-1ubuntu1~20.04.1) 
configure:3559: $? = 0
configure:3548: gcc -V >&5
gcc: error: unrecognized command line option '-V'
gcc: fatal error: no input files
compilation terminated.
configure:3559: $? = 1
configure:3548: gcc -qversion >&5
gcc: error: unrecognized command line option '-qversion'; did you mean '--version'?
gcc: fatal error: no input files
compilation terminated.
configure:3559: $? = 1
configure:3579: checking whether the C compiler works
configure:3601: gcc    conftest.c  >&5
configure:3605: $? = 0
configure:3653: result: yes
configure:3656: checking for C compiler default output file name
configure:3658: result: a.out
configure:3664: checking for suffix of executables
configure:3671: gcc -o conftest    conftest.c  >&5
configure:3675: $? = 0
configure:3697: result: 
configure:3719: checking whether we are cross compiling
configure:3727: gcc -o conftest    conftest.c  >&5
configure:3731: $? = 0
configure:3738: ./conftest
configure:3742: $? = 0
configure:3730: result: no
configure:3735: checking for suffix of object files
configure:3757: gcc -c   conftest.c >&5
configure:3761: $? = 0
configure:3782: result: o
configure:3786: checking whether we are using the GNU C compiler
configure:3805: gcc -c   conftest.c >&5
configure:3805: $? = 0
configure:3814: result: yes
configure:3823: checking whether gcc accepts -g
configure:3843: gcc -c -g  conftest.c >&5
configure:3843: $? = 0
configure:3884: result: yes
configure:3901: checking for gcc option to accept ISO C89
configure:3964: gcc  -c -g -O2  conftest.c >&5
configure:3964: $? = 0
configure:3977: result: none needed
configure:4002: checking whether gcc understands -c and -o together
configure:4024: gcc -c conftest.c -o conftest2.o
configure:4027: $? = 0
configure:4024: gcc -c conftest.c -o conftest2.o
configure:4027: $? = 0
configure:4039: result: yes
configure:4058: checking dependency style of gcc
configure:4169: result: gcc3
configure:4184: checking for a sed that does not truncate output
configure:4248: result: /usr/bin/sed
configure:4266: checking for grep that handles long lines and -e
configure:4324: result: /usr/bin/grep
configure:4329: checking for egrep
configure:4391: result: /usr/bin/grep -E
configure:4396: checking for fgrep
configure:4458: result: /usr/bin/grep -F
configure:4493: checking for ld used by gcc
configure:4560: result: /usr/bin/ld
configure:4567: checking if the linker (/usr/bin/ld) is GNU ld
configure:4582: result: yes
configure:4594: checking for BSD- or MS-compatible name lister (nm)
configure:4648: result: /usr/bin/nm -B
configure:4778: checking the name lister (/usr/bin/nm -B) interface
configure:4785: gcc -c -g -O2  conftest.c >&5
configure:4788: /usr/bin/nm -B "conftest.o"
configure:4791: output
0000000000000000 B some_variable
configure:4792: result: BSD nm
configure:4795: checking whether ln -s works
configure:4799: result: yes
configure:4807: checking the maximum length of command line arguments
configure:4938: result: 1572864
configure:4986: checking how to convert x86_64-pc-linux-gnu file names to x86_64-pc-linux-gnu format
configure:5026: result: func_convert_file_noop
configure:5033: checking how to convert x86_64-pc-linux-gnu file names to toolchain format
configure:5053: result: func_convert_file_noop
configure:5060: checking for /usr/bin/ld option to reload object files
configure:5067: result: -r
configure:5141: checking for objdump
configure:5157: found /usr/bin/objdump
configure:5168: result: objdump
configure:5200: checking how to recognize dependent libraries
configure:5400: result: pass_all
configure:5485: checking for dlltool
configure:5515: result: no
configure:5545: checking how to associate runtime and link libraries
configure:5572: result: printf %s\n
configure:5633: checking for ar
configure:5649: found /usr/bin/ar
configure:5660: result: ar
configure:5697: checking for archiver @FILE support
configure:5714: gcc -c -g -O2  conftest.c >&5
configure:5714: $? = 0
configure:5717: ar cr libconftest.a @conftest.lst >&5
configure:5720: $? = 0
configure:5725: ar cr libconftest.a @conftest.lst >&5
ar: conftest.o: No such file or directory
configure:5728: $? = 1
configure:5727: result: @
configure:5785: checking for strip
configure:5801: found /usr/bin/strip
configure:5812: result: strip
configure:5884: checking for ranlib
configure:5900: found /usr/bin/ranlib
configure:5911: result: ranlib
configure:6013: checking command to parse /usr/bin/nm -B output from gcc object
configure:6166: gcc -c -g -O2  conftest.c >&5
configure:6169: $? = 0
configure:6173: /usr/bin/nm -B conftest.o | sed -n -e 's/^.*[	 ]\([ABCDGIRSTW][ABCDGIRSTW]*\)[	 ][	 ]*\([_A-Za-z][_A-Za-z0-9]*\)$/\1 \2 \2/p' | sed '/ __gnu_lto/d' > conftest.nm
configure:6239: gcc -o conftest -g -O2   conftest.c conftstm.o >&5
configure:6242: $? = 0
configure:6280: result: ok
configure:6327: checking for sysroot
configure:6357: result: no
configure:6364: checking for a working dd
configure:6402: result: /usr/bin/dd
configure:6406: checking how to truncate binary pipes
configure:6421: result: /usr/bin/dd bs=4096 count=1
configure:6557: gcc -c -g -O2  conftest.c >&5
configure:6560: $? = 0
configure:6750: checking for mt
configure:6766: found /usr/bin/mt
configure:6777: result: mt
configure:6800: checking if mt is a manifest tool
configure:6806: mt '-?'
configure:6814: result: no
configure:7491: checking how to run the C preprocessor
configure:7522: gcc -E  conftest.c
configure:7522: $? = 0
configure:7536: gcc -E  conftest.c
conftest.c:11:10: fatal error: ac_nonexistent.h: No such file or directory
   11 | #include <ac_nonexistent.h>
      |          ^~~~~~~~~~~~~~~~~~
compilation terminated.
configure:7536: $? = 1
configure: failed program was:
| /* confdefs.h */
| #define NDPI_PACKAGE_NAME "libndpi"
| #define NDPI_PACKAGE_TARNAME "libndpi"
| #define NDPI_PACKAGE_VERSION "3.3.0"
| #define NDPI_PACKAGE_STRING "libndpi 3.3.0"
| #define NDPI_PACKAGE_BUGREPORT ""
| #define NDPI_PACKAGE_URL ""
| #define NDPI_PACKAGE "libndpi"
| #define NDPI_VERSION "3.3.0"
| /* end confdefs.h.  */
| #include <ac_nonexistent.h>
configure:7561: result: gcc -E
configure:7581: gcc -E  conftest.c
configure:7581: $? = 0
configure:7595: gcc -E  conftest.c
conftest.c:11:10: fatal error: ac_nonexistent.h: No such file or directory
   11 | #include <ac_nonexistent.h>
      |          ^~~~~~~~~~~~~~~~~~
compilation terminated.
configure:7595: $? = 1
configure: failed program was:
| /* confdefs.h */
| #define NDPI_PACKAGE_NAME "libndpi"
| #define NDPI_PACKAGE_TARNAME "libndpi"
| #define NDPI_PACKAGE_VERSION "3.3.0"
| #define NDPI_PACKAGE_STRING "libndpi 3.3.0"
| #define NDPI_PACKAGE_BUGREPORT ""
| #define NDPI_PACKAGE_URL ""
| #define NDPI_PACKAGE "libndpi"
| #define NDPI_VERSION "3.3.0"
| /* end confdefs.h.  */
| #include <ac_nonexistent.h>
configure:7624: checking for ANSI C header files
configure:7644: gcc -c -g -O2  conftest.c >&5
configure:7644: $? = 0
configure:7717: gcc -o conftest -g -O2   conftest.c  >&5
configure:7717: $? = 0
configure:7717: ./conftest
configure:7717: $? = 0
configure:7728: result: yes
configure:7741: checking for sys/types.h
configure:7741: gcc -c -g -O2  conftest.c >&5
configure:7741: $? = 0
configure:7741: result: yes
configure:7741: checking for sys/stat.h
configure:7741: gcc -c -g -O2  conftest.c >&5
configure:7741: $? = 0
configure:7741: result: yes
configure:7741: checking for stdlib.h
configure:7741: gcc -c -g -O2  conftest.c >&5
configure:7741: $? = 0
configure:7741: result: yes
configure:7741: checking for string.h
configure:7741: gcc -c -g -O2  conftest.c >&5
configure:7741: $? = 0
configure:7741: result: yes
configure:7741: checking for memory.h
configure:7741: gcc -c -g -O2  conftest.c >&5
configure:7741: $? = 0
configure:7741: result: yes
configure:7741: checking for strings.h
configure:7741: gcc -c -g -O2  conftest.c >&5
configure:7741: $? = 0
configure:7741: result: yes
configure:7741: checking for inttypes.h
configure:7741: gcc -c -g -O2  conftest.c >&5
configure:7741: $? = 0
configure:7741: result: yes
configure:7741: checking for stdint.h
configure:7741: gcc -c -g -O2  conftest.c >&5
configure:7741: $? = 0
configure:7741: result: yes
configure:7741: checking for unistd.h
configure:7741: gcc -c -g -O2  conftest.c >&5
configure:7741: $? = 0
configure:7741: result: yes
configure:7755: checking for dlfcn.h
configure:7755: gcc -c -g -O2  conftest.c >&5
configure:7755: $? = 0
configure:7755: result: yes
configure:8011: checking for objdir
configure:8026: result: .libs
configure:8290: checking if gcc supports -fno-rtti -fno-exceptions
configure:8308: gcc -c -g -O2  -fno-rtti -fno-exceptions conftest.c >&5
cc1: warning: command line option '-fno-rtti' is valid for C++/D/ObjC++ but not for C
configure:8312: $? = 0
configure:8325: result: no
configure:8689: checking for gcc option to produce PIC
configure:8696: result: -fPIC -DPIC
configure:8704: checking if gcc PIC flag -fPIC -DPIC works
configure:8722: gcc -c -g -O2  -fPIC -DPIC -DPIC conftest.c >&5
configure:8726: $? = 0
configure:8739: result: yes
configure:8768: checking if gcc static flag -static works
configure:8796: result: yes
configure:8811: checking if gcc supports -c -o file.o
configure:8832: gcc -c -g -O2  -o out/conftest2.o conftest.c >&5
configure:8836: $? = 0
configure:8858: result: yes
configure:8866: checking if gcc supports -c -o file.o
configure:8913: result: yes
configure:8946: checking whether the gcc linker (/usr/bin/ld -m elf_x86_64) supports shared libraries
configure:10209: result: yes
configure:10246: checking whether -lc should be explicitly linked in
configure:10254: gcc -c -g -O2  conftest.c >&5
configure:10257: $? = 0
configure:10272: gcc -shared  -fPIC -DPIC conftest.o  -v -Wl,-soname -Wl,conftest -o conftest 2\>\&1 \| /usr/bin/grep  -lc  \>/dev/null 2\>\&1
configure:10275: $? = 0
configure:10289: result: no
configure:10449: checking dynamic linker characteristics
configure:11030: gcc -o conftest -g -O2   -Wl,-rpath -Wl,/foo conftest.c  >&5
configure:11030: $? = 0
configure:11279: result: GNU/Linux ld.so
configure:11401: checking how to hardcode library paths into programs
configure:11426: result: immediate
configure:11974: checking whether stripping libraries is possible
configure:11979: result: yes
configure:12014: checking if libtool supports shared libraries
configure:12016: result: yes
configure:12019: checking whether to build shared libraries
configure:12044: result: yes
configure:12047: checking whether to build static libraries
configure:12051: result: yes
configure:8913: checking for gcc
configure:8940: result: gcc
configure:9169: checking for C compiler version
configure:9178: gcc --version >&5
gcc (Ubuntu 9.4.0-1ubuntu1~20.04.1) 9.4.0
Copyright (C) 2019 Free Software Foundation, Inc.
This is free software; see the source for copying conditions.  There is NO
warranty; not even for MERCHANTABILITY or FITNESS FOR A PARTICULAR PURPOSE.

configure:9189: $? = 0
configure:9178: gcc -v >&5
Using built-in specs.
COLLECT_GCC=gcc
COLLECT_LTO_WRAPPER=/usr/lib/gcc/x86_64-linux-gnu/9/lto-wrapper
OFFLOAD_TARGET_NAMES=nvptx-none:hsa
OFFLOAD_TARGET_DEFAULT=1
Target: x86_64-linux-gnu
Configured with: ../src/configure -v --with-pkgversion='Ubuntu 9.4.0-1ubuntu1~20.04.1' --with-bugurl=file:///usr/share/doc/gcc-9/README.Bugs --enable-languages=c,ada,c++,go,brig,d,fortran,objc,obj-c++,gm2 --prefix=/usr --with-gcc-major-version-only --program-suffix=-9 --program-prefix=x86_64-linux-gnu- --enable-shared --enable-linker-build-id --libexecdir=/usr/lib --without-included-gettext --enable-threads=posix --libdir=/usr/lib --enable-nls --enable-clocale=gnu --enable-libstdcxx-debug --enable-libstdcxx-time=yes --with-default-libstdcxx-abi=new --enable-gnu-unique-object --disable-vtable-verify --enable-plugin --enable-default-pie --with-system-zlib --with-target-system-zlib=auto --enable-objc-gc=auto --enable-multiarch --disable-werror --with-arch-32=i686 --with-abi=m64 --with-multilib-list=m32,m64,mx32 --enable-multilib --with-tune=generic --enable-offload-targets=nvptx-none=/build/gcc-9-Av3uEd/gcc-9-9.4.0/debian/tmp-nvptx/usr,hsa --without-cuda-driver --enable-checking=release --build=x86_64-linux-gnu --host=x86_64-linux-gnu --target=x86_64-linux-gnu
Thread model: posix
gcc version 9.4.0 (Ubuntu 9.4.0-1ubuntu1~20.04.1) 
configure:9189: $? = 0
configure:9178: gcc -V >&5
gcc: error: unrecognized command line option '-V'
gcc: fatal error: no input files
compilation terminated.
configure:9189: $? = 1
configure:9178: gcc -qversion >&5
gcc: error: unrecognized command line option '-qversion'; did you mean '--version'?
gcc: fatal error: no input files
compilation terminated.
configure:9189: $? = 1
configure:9193: checking whether we are using the GNU C compiler
configure:9221: result: yes
configure:9230: checking whether gcc accepts -g
configure:9291: result: yes
configure:9308: checking for gcc option to accept ISO C89
configure:9384: result: none needed
configure:9409: checking whether gcc understands -c and -o together
configure:9446: result: yes
configure:9465: checking dependency style of gcc
configure:9576: result: gcc3
configure:9650: checking for g++
configure:9666: found /usr/bin/g++
configure:9677: result: g++
configure:9704: checking for C++ compiler version
configure:9713: g++ --version >&5
g++ (Ubuntu 9.4.0-1ubuntu1~20.04.1) 9.4.0
Copyright (C) 2019 Free Software Foundation, Inc.
This is free software; see the source for copying conditions.  There is NO
warranty; not even for MERCHANTABILITY or FITNESS FOR A PARTICULAR PURPOSE.

configure:9724: $? = 0
configure:9713: g++ -v >&5
Using built-in specs.
COLLECT_GCC=g++
COLLECT_LTO_WRAPPER=/usr/lib/gcc/x86_64-linux-gnu/9/lto-wrapper
OFFLOAD_TARGET_NAMES=nvptx-none:hsa
OFFLOAD_TARGET_DEFAULT=1
Target: x86_64-linux-gnu
Configured with: ../src/configure -v --with-pkgversion='Ubuntu 9.4.0-1ubuntu1~20.04.1' --with-bugurl=file:///usr/share/doc/gcc-9/README.Bugs --enable-languages=c,ada,c++,go,brig,d,fortran,objc,obj-c++,gm2 --prefix=/usr --with-gcc-major-version-only --program-suffix=-9 --program-prefix=x86_64-linux-gnu- --enable-shared --enable-linker-build-id --libexecdir=/usr/lib --without-included-gettext --enable-threads=posix --libdir=/usr/lib --enable-nls --enable-clocale=gnu --enable-libstdcxx-debug --enable-libstdcxx-time=yes --with-default-libstdcxx-abi=new --enable-gnu-unique-object --disable-vtable-verify --enable-plugin --enable-default-pie --with-system-zlib --with-target-system-zlib=auto --enable-objc-gc=auto --enable-multiarch --disable-werror --with-arch-32=i686 --with-abi=m64 --with-multilib-list=m32,m64,mx32 --enable-multilib --with-tune=generic --enable-offload-targets=nvptx-none=/build/gcc-9-Av3uEd/gcc-9-9.4.0/debian/tmp-nvptx/usr,hsa --without-cuda-driver --enable-checking=release --build=x86_64-linux-gnu --host=x86_64-linux-gnu --target=x86_64-linux-gnu
Thread model: posix
gcc version 9.4.0 (Ubuntu 9.4.0-1ubuntu1~20.04.1) 
configure:9724: $? = 0
configure:9713: g++ -V >&5
g++: error: unrecognized command line option '-V'
g++: fatal error: no input files
compilation terminated.
configure:9724: $? = 1
configure:9713: g++ -qversion >&5
g++: error: unrecognized command line option '-qversion'; did you mean '--version'?
g++: fatal error: no input files
compilation terminated.
configure:9724: $? = 1
configure:9728: checking whether we are using the GNU C++ compiler
configure:9747: g++ -c   conftest.cpp >&5
configure:9747: $? = 0
configure:9756: result: yes
configure:9765: checking whether g++ accepts -g
configure:9785: g++ -c -g  conftest.cpp >&5
configure:9785: $? = 0
configure:9826: result: yes
configure:9851: checking dependency style of g++
configure:9962: result: gcc3
configure:9995: checking how to run the C++ preprocessor
configure:10022: g++ -E  conftest.cpp
configure:10022: $? = 0
configure:10036: g++ -E  conftest.cpp
conftest.cpp:23:10: fatal error: ac_nonexistent.h: No such file or directory
   23 | #include <ac_nonexistent.h>
      |          ^~~~~~~~~~~~~~~~~~
compilation terminated.
configure:10036: $? = 1
configure: failed program was:
| /* confdefs.h */
| #define NDPI_PACKAGE_NAME "libndpi"
| #define NDPI_PACKAGE_TARNAME "libndpi"
| #define NDPI_PACKAGE_VERSION "3.3.0"
| #define NDPI_PACKAGE_STRING "libndpi 3.3.0"
| #define NDPI_PACKAGE_BUGREPORT ""
| #define NDPI_PACKAGE_URL ""
| #define NDPI_PACKAGE "libndpi"
| #define NDPI_VERSION "3.3.0"
| #define STDC_HEADERS 1
| #define HAVE_SYS_TYPES_H 1
| #define HAVE_SYS_STAT_H 1
| #define HAVE_STDLIB_H 1
| #define HAVE_STRING_H 1
| #define HAVE_MEMORY_H 1
| #define HAVE_STRINGS_H 1
| #define HAVE_INTTYPES_H 1
| #define HAVE_STDINT_H 1
| #define HAVE_UNISTD_H 1
| #define HAVE_DLFCN_H 1
| #define LT_OBJDIR ".libs/"
| /* end confdefs.h.  */
| #include <ac_nonexistent.h>
configure:10061: result: g++ -E
configure:10081: g++ -E  conftest.cpp
configure:10081: $? = 0
configure:10095: g++ -E  conftest.cpp
conftest.cpp:23:10: fatal error: ac_nonexistent.h: No such file or directory
   23 | #include <ac_nonexistent.h>
      |          ^~~~~~~~~~~~~~~~~~
compilation terminated.
configure:10095: $? = 1
configure: failed program was:
| /* confdefs.h */
| #define NDPI_PACKAGE_NAME "libndpi"
| #define NDPI_PACKAGE_TARNAME "libndpi"
| #define NDPI_PACKAGE_VERSION "3.3.0"
| #define NDPI_PACKAGE_STRING "libndpi 3.3.0"
| #define NDPI_PACKAGE_BUGREPORT ""
| #define NDPI_PACKAGE_URL ""
| #define NDPI_PACKAGE "libndpi"
| #define NDPI_VERSION "3.3.0"
| #define STDC_HEADERS 1
| #define HAVE_SYS_TYPES_H 1
| #define HAVE_SYS_STAT_H 1
| #define HAVE_STDLIB_H 1
| #define HAVE_STRING_H 1
| #define HAVE_MEMORY_H 1
| #define HAVE_STRINGS_H 1
| #define HAVE_INTTYPES_H 1
| #define HAVE_STDINT_H 1
| #define HAVE_UNISTD_H 1
| #define HAVE_DLFCN_H 1
| #define LT_OBJDIR ".libs/"
| /* end confdefs.h.  */
| #include <ac_nonexistent.h>
configure:10257: checking for ld used by g++
configure:10324: result: /usr/bin/ld -m elf_x86_64
configure:10331: checking if the linker (/usr/bin/ld -m elf_x86_64) is GNU ld
configure:10346: result: yes
configure:10401: checking whether the g++ linker (/usr/bin/ld -m elf_x86_64) supports shared libraries
configure:11474: result: yes
configure:11510: g++ -c -g -O2  conftest.cpp >&5
configure:11513: $? = 0
configure:11994: checking for g++ option to produce PIC
configure:12001: result: -fPIC -DPIC
configure:12009: checking if g++ PIC flag -fPIC -DPIC works
configure:12027: g++ -c -g -O2  -fPIC -DPIC -DPIC conftest.cpp >&5
configure:12031: $? = 0
configure:12044: result: yes
configure:12067: checking if g++ static flag -static works
configure:12095: result: yes
configure:12107: checking if g++ supports -c -o file.o
configure:12128: g++ -c -g -O2  -o out/conftest2.o conftest.cpp >&5
configure:12132: $? = 0
configure:12154: result: yes
configure:12159: checking if g++ supports -c -o file.o
configure:12206: result: yes
configure:12236: checking whether the g++ linker (/usr/bin/ld -m elf_x86_64) supports shared libraries
configure:12279: result: yes
configure:12420: checking dynamic linker characteristics
configure:13177: result: GNU/Linux ld.so
configure:13242: checking how to hardcode library paths into programs
configure:13267: result: immediate
configure:12142: checking for gcc option to accept ISO C99
configure:12291: gcc  -c -g -O2  conftest.c >&5
configure:12291: $? = 0
configure:12304: result: none needed
configure:12412: checking for gcc option to accept ISO Standard C
configure:12423: result: none needed
configure:12615: checking whether gcc is Clang
configure:12640: result: no
configure:12763: checking whether pthreads work with -pthread
configure:12857: gcc -o conftest -g -O2 -pthread   conftest.c   >&5
configure:12857: $? = 0
configure:12866: result: yes
configure:12885: checking for joinable pthread attribute
configure:12903: gcc -o conftest -g -O2 -pthread   conftest.c   >&5
configure:12903: $? = 0
configure:12911: result: PTHREAD_CREATE_JOINABLE
configure:12925: checking whether more special flags are required for pthreads
configure:12938: result: no
configure:12946: checking for PTHREAD_PRIO_INHERIT
configure:12962: gcc -o conftest -g -O2 -pthread   conftest.c   >&5
configure:12962: $? = 0
configure:12971: result: yes
configure:13129: checking netinet/in.h usability
configure:13129: gcc -c -g -O2  conftest.c >&5
configure:13129: $? = 0
configure:13129: result: yes
configure:13129: checking netinet/in.h presence
configure:13129: gcc -E  conftest.c
configure:13129: $? = 0
configure:13129: result: yes
configure:13129: checking for netinet/in.h
configure:13129: result: yes
configure:13129: checking for stdint.h
configure:13129: result: yes
configure:13129: checking for stdlib.h
configure:13129: result: yes
configure:13129: checking for string.h
configure:13129: result: yes
configure:13129: checking for unistd.h
configure:13129: result: yes
configure:13160: checking for numa_available in -lnuma
configure:13185: gcc -o conftest -g -O2   conftest.c -lnuma   >&5
/usr/bin/ld: cannot find -lnuma
collect2: error: ld returned 1 exit status
configure:13185: $? = 1
configure: failed program was:
| /* confdefs.h */
| #define NDPI_PACKAGE_NAME "libndpi"
| #define NDPI_PACKAGE_TARNAME "libndpi"
| #define NDPI_PACKAGE_VERSION "3.3.0"
| #define NDPI_PACKAGE_STRING "libndpi 3.3.0"
| #define NDPI_PACKAGE_BUGREPORT ""
| #define NDPI_PACKAGE_URL ""
| #define NDPI_PACKAGE "libndpi"
| #define NDPI_VERSION "3.3.0"
| #define STDC_HEADERS 1
| #define HAVE_SYS_TYPES_H 1
| #define HAVE_SYS_STAT_H 1
| #define HAVE_STDLIB_H 1
| #define HAVE_STRING_H 1
| #define HAVE_MEMORY_H 1
| #define HAVE_STRINGS_H 1
| #define HAVE_INTTYPES_H 1
| #define HAVE_STDINT_H 1
| #define HAVE_UNISTD_H 1
| #define HAVE_DLFCN_H 1
| #define LT_OBJDIR ".libs/"
| #define HAVE_PTHREAD_PRIO_INHERIT 1
| #define HAVE_PTHREAD 1
| #define NDPI_MAJOR_RELEASE "3"
| #define NDPI_MINOR_RELEASE "3"
| #define NDPI_PATCH_LEVEL "0"
| #define NDPI_GIT_RELEASE "3.3.0-1425-1a9c361"
| #define NDPI_GIT_DATE "Mon Aug 29 12:04:00 2022 +0900"
| #define HAVE_NETINET_IN_H 1
| #define HAVE_STDINT_H 1
| #define HAVE_STDLIB_H 1
| #define HAVE_STRING_H 1
| #define HAVE_UNISTD_H 1
| /* end confdefs.h.  */
| 
| /* Override any GCC internal prototype to avoid an error.
|    Use char because int might match the return type of a GCC
|    builtin and then its argument prototype would still apply.  */
| #ifdef __cplusplus
| extern "C"
| #endif
| char numa_available ();
| int
| main ()
| {
| return numa_available ();
|   ;
|   return 0;
| }
configure:13194: result: no
configure:13392: checking for pcap_open_live in -lpcap
configure:13417: gcc -o conftest -g -O2   conftest.c -lpcap   >&5
configure:13417: $? = 0
configure:13426: result: yes
configure:13910: checking for pthread_setaffinity_np in -lpthread
configure:13935: gcc -o conftest -g -O2   conftest.c -lpthread   >&5
configure:13935: $? = 0
configure:13944: result: yes
configure:14132: checking that generated files are newer than configure
configure:14138: result: done
configure:14181: creating ./config.status

## ---------------------- ##
## Running config.status. ##
## ---------------------- ##

This file was extended by libndpi config.status 3.3.0, which was
generated by GNU Autoconf 2.69.  Invocation command line was

  CONFIG_FILES    = 
  CONFIG_HEADERS  = 
  CONFIG_LINKS    = 
  CONFIG_COMMANDS = 
  $ ./config.status 

on DESKTOP-CVJKDCA

config.status:1189: creating Makefile
config.status:1189: creating example/Makefile
config.status:1189: creating example/Makefile.dpdk
config.status:1189: creating tests/Makefile
config.status:1189: creating libndpi.pc
config.status:1189: creating src/include/ndpi_define.h
config.status:1189: creating src/lib/Makefile
config.status:1189: creating python/Makefile
config.status:1189: creating fuzz/Makefile
config.status:1189: creating src/include/ndpi_api.h
config.status:1189: creating src/include/ndpi_config.h
config.status:1370: src/include/ndpi_config.h is unchanged
config.status:1418: executing depfiles commands
config.status:1495: cd fuzz       && sed -e '/# am--include-marker/d' Makefile         | make -f - am--depfiles
make: Nothing to be done for 'am--depfiles'.
config.status:1500: $? = 0
config.status:1418: executing libtool commands

## ---------------- ##
## Cache variables. ##
## ---------------- ##

ac_cv_build=x86_64-pc-linux-gnu
ac_cv_c_compiler_gnu=yes
ac_cv_cxx_compiler_gnu=yes
ac_cv_env_CCC_set=
ac_cv_env_CCC_value=
ac_cv_env_CC_set=
ac_cv_env_CC_value=
ac_cv_env_CFLAGS_set=
ac_cv_env_CFLAGS_value=
ac_cv_env_CPPFLAGS_set=
ac_cv_env_CPPFLAGS_value=
ac_cv_env_CPP_set=
ac_cv_env_CPP_value=
ac_cv_env_CXXCPP_set=
ac_cv_env_CXXCPP_value=
ac_cv_env_CXXFLAGS_set=
ac_cv_env_CXXFLAGS_value=
ac_cv_env_CXX_set=
ac_cv_env_CXX_value=
ac_cv_env_LDFLAGS_set=
ac_cv_env_LDFLAGS_value=
ac_cv_env_LIBS_set=
ac_cv_env_LIBS_value=
ac_cv_env_LT_SYS_LIBRARY_PATH_set=
ac_cv_env_LT_SYS_LIBRARY_PATH_value=
ac_cv_env_build_alias_set=
ac_cv_env_build_alias_value=
ac_cv_env_host_alias_set=
ac_cv_env_host_alias_value=
ac_cv_env_target_alias_set=
ac_cv_env_target_alias_value=
ac_cv_header_dlfcn_h=yes
ac_cv_header_inttypes_h=yes
ac_cv_header_memory_h=yes
ac_cv_header_netinet_in_h=yes
ac_cv_header_stdc=yes
ac_cv_header_stdint_h=yes
ac_cv_header_stdlib_h=yes
ac_cv_header_string_h=yes
ac_cv_header_strings_h=yes
ac_cv_header_sys_stat_h=yes
ac_cv_header_sys_types_h=yes
ac_cv_header_unistd_h=yes
ac_cv_host=x86_64-pc-linux-gnu
ac_cv_lib_numa_numa_available=no
ac_cv_lib_pcap_pcap_open_live=yes
ac_cv_lib_pthread_pthread_setaffinity_np=yes
ac_cv_objext=o
ac_cv_path_EGREP='/usr/bin/grep -E'
ac_cv_path_FGREP='/usr/bin/grep -F'
ac_cv_path_GREP=/usr/bin/grep
ac_cv_path_SED=/usr/bin/sed
ac_cv_path_install='/usr/bin/install -c'
ac_cv_path_lt_DD=/usr/bin/dd
ac_cv_path_mkdir=/usr/bin/mkdir
ac_cv_prog_AWK=gawk
ac_cv_prog_CPP='gcc -E'
ac_cv_prog_CXXCPP='g++ -E'
ac_cv_prog_ac_ct_AR=ar
ac_cv_prog_ac_ct_CC=gcc
ac_cv_prog_ac_ct_CXX=g++
ac_cv_prog_ac_ct_MANIFEST_TOOL=mt
ac_cv_prog_ac_ct_OBJDUMP=objdump
ac_cv_prog_ac_ct_RANLIB=ranlib
ac_cv_prog_ac_ct_STRIP=strip
ac_cv_prog_cc_c89=
ac_cv_prog_cc_c99=
ac_cv_prog_cc_g=yes
ac_cv_prog_cc_stdc=
ac_cv_prog_cxx_g=yes
ac_cv_prog_make_make_set=yes
am_cv_CC_dependencies_compiler_type=gcc3
am_cv_CXX_dependencies_compiler_type=gcc3
am_cv_make_support_nested_variables=yes
am_cv_prog_cc_c_o=yes
ax_cv_PTHREAD_CLANG=no
ax_cv_PTHREAD_JOINABLE_ATTR=PTHREAD_CREATE_JOINABLE
ax_cv_PTHREAD_PRIO_INHERIT=yes
ax_cv_PTHREAD_SPECIAL_FLAGS=no
lt_cv_ar_at_file=@
lt_cv_archive_cmds_need_lc=no
lt_cv_deplibs_check_method=pass_all
lt_cv_file_magic_cmd='$MAGIC_CMD'
lt_cv_file_magic_test_file=
lt_cv_ld_reload_flag=-r
lt_cv_nm_interface='BSD nm'
lt_cv_objdir=.libs
lt_cv_path_LD=/usr/bin/ld
lt_cv_path_LDCXX='/usr/bin/ld -m elf_x86_64'
lt_cv_path_NM='/usr/bin/nm -B'
lt_cv_path_mainfest_tool=no
lt_cv_prog_compiler_c_o=yes
lt_cv_prog_compiler_c_o_CXX=yes
lt_cv_prog_compiler_pic='-fPIC -DPIC'
lt_cv_prog_compiler_pic_CXX='-fPIC -DPIC'
lt_cv_prog_compiler_pic_works=yes
lt_cv_prog_compiler_pic_works_CXX=yes
lt_cv_prog_compiler_rtti_exceptions=no
lt_cv_prog_compiler_static_works=yes
lt_cv_prog_compiler_static_works_CXX=yes
lt_cv_prog_gnu_ld=yes
lt_cv_prog_gnu_ldcxx=yes
lt_cv_sharedlib_from_linklib_cmd='printf %s\n'
lt_cv_shlibpath_overrides_runpath=yes
lt_cv_sys_global_symbol_pipe='sed -n -e '\''s/^.*[	 ]\([ABCDGIRSTW][ABCDGIRSTW]*\)[	 ][	 ]*\([_A-Za-z][_A-Za-z0-9]*\)$/\1 \2 \2/p'\'' | sed '\''/ __gnu_lto/d'\'''
lt_cv_sys_global_symbol_to_c_name_address='sed -n -e '\''s/^: \(.*\) .*$/  {"\1", (void *) 0},/p'\'' -e '\''s/^[ABCDGIRSTW][ABCDGIRSTW]* .* \(.*\)$/  {"\1", (void *) \&\1},/p'\'''
lt_cv_sys_global_symbol_to_c_name_address_lib_prefix='sed -n -e '\''s/^: \(.*\) .*$/  {"\1", (void *) 0},/p'\'' -e '\''s/^[ABCDGIRSTW][ABCDGIRSTW]* .* \(lib.*\)$/  {"\1", (void *) \&\1},/p'\'' -e '\''s/^[ABCDGIRSTW][ABCDGIRSTW]* .* \(.*\)$/  {"lib\1", (void *) \&\1},/p'\'''
lt_cv_sys_global_symbol_to_cdecl='sed -n -e '\''s/^T .* \(.*\)$/extern int \1();/p'\'' -e '\''s/^[ABCDGIRSTW][ABCDGIRSTW]* .* \(.*\)$/extern char \1;/p'\'''
lt_cv_sys_global_symbol_to_import=
lt_cv_sys_max_cmd_len=1572864
lt_cv_to_host_file_cmd=func_convert_file_noop
lt_cv_to_tool_file_cmd=func_convert_file_noop
lt_cv_truncate_bin='/usr/bin/dd bs=4096 count=1'

## ----------------- ##
## Output variables. ##
## ----------------- ##

ACLOCAL='${SHELL} /mnt/c/Users/sure/GLaDOS/Vulcan-Demo-Basic/missing aclocal-1.16'
ADDITIONAL_LIBS=''
AMDEPBACKSLASH='\'
AMDEP_FALSE='#'
AMDEP_TRUE=''
AMTAR='$${TAR-tar}'
AM_BACKSLASH='\'
AM_DEFAULT_V='$(AM_DEFAULT_VERBOSITY)'
AM_DEFAULT_VERBOSITY='1'
AM_V='$(V)'
AR='ar'
AUTOCONF='${SHELL} /mnt/c/Users/sure/GLaDOS/Vulcan-Demo-Basic/missing autoconf'
AUTOHEADER='${SHELL} /mnt/c/Users/sure/GLaDOS/Vulcan-Demo-Basic/missing autoheader'
AUTOMAKE='${SHELL} /mnt/c/Users/sure/GLaDOS/Vulcan-Demo-Basic/missing automake-1.16'
AWK='gawk'
BUILD_FUZZTARGETS_FALSE=''
BUILD_FUZZTARGETS_TRUE='#'
CC='gcc'
CCDEPMODE='depmode=gcc3'
CFLAGS='-g -O2'
CPP='gcc -E'
CPPFLAGS=''
CUSTOM_NDPI=''
CXX='g++'
CXXCPP='g++ -E'
CXXDEPMODE='depmode=gcc3'
CXXFLAGS='-g -O2'
CYGPATH_W='echo'
DEFS='-DHAVE_CONFIG_H'
DEPDIR='.deps'
DLLTOOL='false'
DL_LIB=''
DPDK_TARGET=''
DSYMUTIL=''
DUMPBIN=''
ECHO_C=''
ECHO_N='-n'
ECHO_T=''
EGREP='/usr/bin/grep -E'
EXEEXT=''
FGREP='/usr/bin/grep -F'
GIT_RELEASE='3.3.0-1425-1a9c361'
GREP='/usr/bin/grep'
HAS_FUZZLDFLAGS_FALSE=''
HAS_FUZZLDFLAGS_TRUE='#'
HAVE_PTHREAD_SETAFFINITY_NP=''
INSTALL_DATA='${INSTALL} -m 644'
INSTALL_PROGRAM='${INSTALL}'
INSTALL_SCRIPT='${INSTALL}'
INSTALL_STRIP_PROGRAM='$(install_sh) -c -s'
JSON_C_LIB=''
LD='/usr/bin/ld -m elf_x86_64'
LDFLAGS=''
LIBOBJS=''
LIBS=''
LIBTOOL='$(SHELL) $(top_builddir)/libtool'
LIB_FUZZING_ENGINE=''
LIPO=''
LN_S='ln -s'
LTLIBOBJS=''
LT_SYS_LIBRARY_PATH=''
MAKEINFO='${SHELL} /mnt/c/Users/sure/GLaDOS/Vulcan-Demo-Basic/missing makeinfo'
MANIFEST_TOOL=':'
MKDIR_P='/usr/bin/mkdir -p'
NDPI_API_VERSION='15'
NDPI_MAJOR='3'
NDPI_MINOR='3'
NDPI_PATCH='0'
NDPI_VERSION_SHORT='3.3.0'
NM='/usr/bin/nm -B'
NMEDIT=''
OBJDUMP='objdump'
OBJEXT='o'
OTOOL64=''
OTOOL=''
PACKAGE='libndpi'
PACKAGE_BUGREPORT=''
PACKAGE_NAME='libndpi'
PACKAGE_STRING='libndpi 3.3.0'
PACKAGE_TARNAME='libndpi'
PACKAGE_URL=''
PACKAGE_VERSION='3.3.0'
PATH_SEPARATOR=':'
PCAP_INC=''
PCAP_LIB='-lpcap'
PTHREAD_CC='gcc'
PTHREAD_CFLAGS='-pthread'
PTHREAD_LIBS=''
RANLIB='ranlib'
SED='/usr/bin/sed'
SET_MAKE=''
SHELL='/bin/bash'
STRIP='strip'
SVN_DATE=''
VERSION='3.3.0'
ac_ct_AR='ar'
ac_ct_CC='gcc'
ac_ct_CXX='g++'
ac_ct_DUMPBIN=''
am__EXEEXT_FALSE=''
am__EXEEXT_TRUE='#'
am__fastdepCC_FALSE='#'
am__fastdepCC_TRUE=''
am__fastdepCXX_FALSE='#'
am__fastdepCXX_TRUE=''
am__include='include'
am__isrc=''
am__leading_dot='.'
am__nodep='_no'
am__quote=''
am__tar='$${TAR-tar} chof - "$$tardir"'
am__untar='$${TAR-tar} xf -'
ax_pthread_config=''
bindir='${exec_prefix}/bin'
build='x86_64-pc-linux-gnu'
build_alias=''
build_cpu='x86_64'
build_os='linux-gnu'
build_vendor='pc'
datadir='${datarootdir}'
datarootdir='${prefix}/share'
docdir='${datarootdir}/doc/${PACKAGE_TARNAME}'
dvidir='${docdir}'
exec_prefix='${prefix}'
host='x86_64-pc-linux-gnu'
host_alias=''
host_cpu='x86_64'
host_os='linux-gnu'
host_vendor='pc'
htmldir='${docdir}'
includedir='${prefix}/include'
infodir='${datarootdir}/info'
install_sh='${SHELL} /mnt/c/Users/sure/GLaDOS/Vulcan-Demo-Basic/install-sh'
libdir='${exec_prefix}/lib'
libexecdir='${exec_prefix}/libexec'
localedir='${datarootdir}/locale'
localstatedir='${prefix}/var'
mandir='${datarootdir}/man'
mkdir_p='$(MKDIR_P)'
oldincludedir='/usr/include'
pdfdir='${docdir}'
prefix='/home/workspace/install'
program_transform_name='s,x,x,'
psdir='${docdir}'
runstatedir='${localstatedir}/run'
sbindir='${exec_prefix}/sbin'
sharedstatedir='${prefix}/com'
sysconfdir='${prefix}/etc'
target_alias=''

## ----------- ##
## confdefs.h. ##
## ----------- ##

/* confdefs.h */
#define NDPI_PACKAGE_NAME "libndpi"
#define NDPI_PACKAGE_TARNAME "libndpi"
#define NDPI_PACKAGE_VERSION "3.3.0"
#define NDPI_PACKAGE_STRING "libndpi 3.3.0"
#define NDPI_PACKAGE_BUGREPORT ""
#define NDPI_PACKAGE_URL ""
#define NDPI_PACKAGE "libndpi"
#define NDPI_VERSION "3.3.0"
#define STDC_HEADERS 1
#define HAVE_SYS_TYPES_H 1
#define HAVE_SYS_STAT_H 1
#define HAVE_STDLIB_H 1
#define HAVE_STRING_H 1
#define HAVE_MEMORY_H 1
#define HAVE_STRINGS_H 1
#define HAVE_INTTYPES_H 1
#define HAVE_STDINT_H 1
#define HAVE_UNISTD_H 1
#define HAVE_DLFCN_H 1
#define LT_OBJDIR ".libs/"
#define HAVE_PTHREAD_PRIO_INHERIT 1
#define HAVE_PTHREAD 1
#define NDPI_MAJOR_RELEASE "3"
#define NDPI_MINOR_RELEASE "3"
#define NDPI_PATCH_LEVEL "0"
#define NDPI_GIT_RELEASE "3.3.0-1425-1a9c361"
#define NDPI_GIT_DATE "Mon Aug 29 12:04:00 2022 +0900"
#define HAVE_NETINET_IN_H 1
#define HAVE_STDINT_H 1
#define HAVE_STDLIB_H 1
#define HAVE_STRING_H 1
#define HAVE_UNISTD_H 1
#define HAVE_PTHREAD_SETAFFINITY_NP 1

configure: exit 0
